Running: d:\Xilinx\14.4\ISE_DS\ISE\bin\nt\unwrapped\fuse.exe -intstyle ise -incremental -o C:/Users/Serrano/Desktop/SED-master/Mascara_tb_isim_beh.exe -prj C:/Users/Serrano/Desktop/SED-master/Mascara_tb_beh.prj work.Mascara_tb 
ISim P.49d (signature 0x8ef4fb42)
Number of CPUs detected in this system: 2
Turning on mult-threading, number of parallel sub-compilation jobs: 4 
Determining compilation order of HDL files
Parsing VHDL file "C:/Users/Serrano/Desktop/SED-master/Mascara.vhd" into library work
Parsing VHDL file "C:/Users/Serrano/Desktop/SED-master/Mascara_tb.vhd" into library work
Starting static elaboration
WARNING:HDLCompiler:794 - "C:/Users/Serrano/Desktop/SED-master/Mascara.vhd" Line 51: Statement might not cover all choices ; 'others' clause recommended
WARNING:HDLCompiler:794 - "C:/Users/Serrano/Desktop/SED-master/Mascara.vhd" Line 54: Statement might not cover all choices ; 'others' clause recommended
Completed static elaboration
Fuse Memory Usage: 105452 KB
Fuse CPU Usage: 436 ms
Compiling package standard
Compiling package std_logic_1164
Compiling architecture behavioral of entity Mascara [mascara_default]
Compiling architecture behavior of entity mascara_tb
Time Resolution for simulation is 1ps.
Waiting for 1 sub-compilation(s) to finish...
Compiled 5 VHDL Units
Built simulation executable C:/Users/Serrano/Desktop/SED-master/Mascara_tb_isim_beh.exe
Fuse Memory Usage: 114396 KB
Fuse CPU Usage: 545 ms
