Command line:
   Mascara_tb_isim_beh.exe
     -simmode  gui
     -simrunnum  0
     -socket  62837

Fri Jan 09 18:15:19 2015


 Elaboration Time: 0.046801 sec

 Current Memory Usage: 488.554 Meg

 Total Signals          : 9
 Total Nets             : 29
 Total Signal Drivers   : 5
 Total Blocks           : 3
 Total Primitive Blocks : 2
 Total Processes        : 5
 Total Traceable Variables  : 9
 Total Scalar Nets and Variables : 390
Total Line Count : 17

** Failure:Fin de la simulación...
User(VHDL) Code Called Simulation Stop
In process Mascara_tb.vhd:stim_proc 
 


 Total Simulation Time: 0.062401 sec

 Current Memory Usage: 489.603 Meg

Fri Jan 09 18:15:27 2015

